  main.cpp
E:\MY Drive\APP\Project Template\Project Template\sphere.h(97,29): warning C4305: 'argument': truncation from 'double' to 'T'
E:\MY Drive\APP\Project Template\Project Template\sphere.h(97,29): warning C4305:         with
E:\MY Drive\APP\Project Template\Project Template\sphere.h(97,29): warning C4305:         [
E:\MY Drive\APP\Project Template\Project Template\sphere.h(97,29): warning C4305:             T=float
E:\MY Drive\APP\Project Template\Project Template\sphere.h(97,29): warning C4305:         ]
  (compiling source file 'main.cpp')
  
E:\MY Drive\APP\Project Template\Project Template\sphere.h(98,30): warning C4305: 'argument': truncation from 'double' to 'T'
E:\MY Drive\APP\Project Template\Project Template\sphere.h(98,30): warning C4305:         with
E:\MY Drive\APP\Project Template\Project Template\sphere.h(98,30): warning C4305:         [
E:\MY Drive\APP\Project Template\Project Template\sphere.h(98,30): warning C4305:             T=float
E:\MY Drive\APP\Project Template\Project Template\sphere.h(98,30): warning C4305:         ]
  (compiling source file 'main.cpp')
  
E:\MY Drive\APP\Project Template\Project Template\sphere.h(184,26): warning C4244: 'initializing': conversion from 'double' to 'float', possible loss of data
  (compiling source file 'main.cpp')
  
E:\MY Drive\APP\Project Template\Project Template\sphere.h(185,25): warning C4244: 'initializing': conversion from 'double' to 'float', possible loss of data
  (compiling source file 'main.cpp')
  
E:\MY Drive\APP\Project Template\Project Template\sphere.h(187,26): warning C4244: 'initializing': conversion from 'double' to 'float', possible loss of data
  (compiling source file 'main.cpp')
  
E:\MY Drive\APP\Project Template\Project Template\main.cpp(411,101): warning C4101: 'translateToCenter': unreferenced local variable
E:\MY Drive\APP\Project Template\Project Template\main.cpp(411,120): warning C4101: 'translateToPivot': unreferenced local variable
E:\MY Drive\APP\Project Template\Project Template\main.cpp(417,54): warning C4101: 'rotateAngle_X': unreferenced local variable
E:\MY Drive\APP\Project Template\Project Template\main.cpp(417,15): warning C4101: 'translate_X': unreferenced local variable
E:\MY Drive\APP\Project Template\Project Template\main.cpp(411,138): warning C4101: 'translateWholeFan': unreferenced local variable
E:\MY Drive\APP\Project Template\Project Template\main.cpp(417,108): warning C4101: 'scale_Y': unreferenced local variable
E:\MY Drive\APP\Project Template\Project Template\main.cpp(417,84): warning C4101: 'rotateAngle_Z': unreferenced local variable
E:\MY Drive\APP\Project Template\Project Template\main.cpp(417,99): warning C4101: 'scale_X': unreferenced local variable
E:\MY Drive\APP\Project Template\Project Template\main.cpp(418,31): warning C4101: 'pivotZ': unreferenced local variable
E:\MY Drive\APP\Project Template\Project Template\main.cpp(418,23): warning C4101: 'pivotY': unreferenced local variable
E:\MY Drive\APP\Project Template\Project Template\main.cpp(418,15): warning C4101: 'pivotX': unreferenced local variable
E:\MY Drive\APP\Project Template\Project Template\main.cpp(417,41): warning C4101: 'translate_Z': unreferenced local variable
E:\MY Drive\APP\Project Template\Project Template\main.cpp(411,157): warning C4101: 'scalewholefan': unreferenced local variable
E:\MY Drive\APP\Project Template\Project Template\main.cpp(417,69): warning C4101: 'rotateAngle_Y': unreferenced local variable
E:\MY Drive\APP\Project Template\Project Template\main.cpp(417,28): warning C4101: 'translate_Y': unreferenced local variable
E:\MY Drive\APP\Project Template\Project Template\main.cpp(417,117): warning C4101: 'scale_Z': unreferenced local variable
  Lab9_Lighting.vcxproj -> E:\MY Drive\APP\Project Template\Project Template\x64\Debug\Lab9_Lighting.exe
  'pwsh.exe' is not recognized as an internal or external command,
  operable program or batch file.
